<?xml version="1.0" encoding="UTF-8"?>
<!-- Generated by org.testng.reporters.JUnitReportReporter -->
<testsuite hostname="DESKTOP-LBR430H" failures="0" tests="1" name="JAVA.TestNGpgm1" time="0.043" errors="0" timestamp="2024-05-10T11:08:12 IST" skipped="0">
  <testcase classname="JAVA.TestNGpgm1" name="f" time="0.043"/>
  <system-out/>
</testsuite> <!-- JAVA.TestNGpgm1 -->
